c:\users\chris\dropbox\school\2145 - game graphics programming\directx11_starter\directx11_starter\debug\vc120.pdb
c:\users\chris\dropbox\school\2145 - game graphics programming\directx11_starter\directx11_starter\debug\vc120.idb
c:\users\chris\dropbox\school\2145 - game graphics programming\directx11_starter\directx11_starter\debug\mydemogame.obj
c:\users\chris\dropbox\school\2145 - game graphics programming\directx11_starter\directx11_starter\debug\dxerr.obj
c:\users\chris\dropbox\school\2145 - game graphics programming\directx11_starter\directx11_starter\debug\directxgame.obj
c:\users\chris\dropbox\school\2145 - game graphics programming\directx11_starter\directx11_starter\debug\gametimer.obj
c:\users\chris\dropbox\school\2145 - game graphics programming\directx11_starter\debug\pixelshader.cso
c:\users\chris\dropbox\school\2145 - game graphics programming\directx11_starter\debug\vertexshader.cso
c:\users\chris\dropbox\school\2145 - game graphics programming\directx11_starter\debug\directx11_starter.ilk
c:\users\chris\dropbox\school\2145 - game graphics programming\directx11_starter\debug\directx11_starter.exe
c:\users\chris\dropbox\school\2145 - game graphics programming\directx11_starter\debug\directx11_starter.pdb
c:\users\chris\dropbox\school\2145 - game graphics programming\directx11_starter\directx11_starter\debug\directx1.feb50fc0.tlog\cl.command.1.tlog
c:\users\chris\dropbox\school\2145 - game graphics programming\directx11_starter\directx11_starter\debug\directx1.feb50fc0.tlog\cl.read.1.tlog
c:\users\chris\dropbox\school\2145 - game graphics programming\directx11_starter\directx11_starter\debug\directx1.feb50fc0.tlog\cl.write.1.tlog
c:\users\chris\dropbox\school\2145 - game graphics programming\directx11_starter\directx11_starter\debug\directx1.feb50fc0.tlog\directx11_starter.write.1u.tlog
c:\users\chris\dropbox\school\2145 - game graphics programming\directx11_starter\directx11_starter\debug\directx1.feb50fc0.tlog\fxc.command.1.tlog
c:\users\chris\dropbox\school\2145 - game graphics programming\directx11_starter\directx11_starter\debug\directx1.feb50fc0.tlog\fxc.read.1.tlog
c:\users\chris\dropbox\school\2145 - game graphics programming\directx11_starter\directx11_starter\debug\directx1.feb50fc0.tlog\fxc.write.1.tlog
c:\users\chris\dropbox\school\2145 - game graphics programming\directx11_starter\directx11_starter\debug\directx1.feb50fc0.tlog\link.command.1.tlog
c:\users\chris\dropbox\school\2145 - game graphics programming\directx11_starter\directx11_starter\debug\directx1.feb50fc0.tlog\link.read.1.tlog
c:\users\chris\dropbox\school\2145 - game graphics programming\directx11_starter\directx11_starter\debug\directx1.feb50fc0.tlog\link.write.1.tlog
