Build started 4/15/2015 7:10:08 PM.
     1>Project "\\banner.main.ad.rit.edu\students\ntg5782\IGMProfile\Desktop\4-8-15\DirectX11_Starter\DirectX11_Starter.vcxproj" on node 2 (Build target(s)).
     1>ClCompile:
         C:\Program Files (x86)\Microsoft Visual Studio 12.0\VC\bin\CL.exe /c /I"\\banner.main.ad.rit.edu\students\ntg5782\IGMProfile\Desktop\4-8-15\packages\directxtk_desktop_2013.2015.2.25.1\build\native\../../build/native/include/" /ZI /nologo /W3 /WX- /sdl /Od /Oy- /D HAS_DIRECTXTK /D _UNICODE /D UNICODE /Gm /EHsc /RTC1 /MDd /GS /fp:precise /Zc:wchar_t /Zc:forScope /Fo"Debug\\" /Fd"Debug\vc120.pdb" /Gd /TP /analyze- /errorReport:prompt MyDemoGame.cpp
         MyDemoGame.cpp
     1>\\banner.main.ad.rit.edu\students\ntg5782\igmprofile\desktop\4-8-15\directx11_starter\mydemogame.cpp(98): warning C4018: '<' : signed/unsigned mismatch
     1>\\banner.main.ad.rit.edu\students\ntg5782\igmprofile\desktop\4-8-15\directx11_starter\mydemogame.cpp(106): warning C4018: '<' : signed/unsigned mismatch
     1>\\banner.main.ad.rit.edu\students\ntg5782\igmprofile\desktop\4-8-15\directx11_starter\mydemogame.cpp(150): warning C4244: 'argument' : conversion from 'time_t' to 'unsigned int', possible loss of data
     1>\\banner.main.ad.rit.edu\students\ntg5782\igmprofile\desktop\4-8-15\directx11_starter\mydemogame.cpp(342): warning C4244: 'argument' : conversion from 'int' to 'float', possible loss of data
     1>\\banner.main.ad.rit.edu\students\ntg5782\igmprofile\desktop\4-8-15\directx11_starter\mydemogame.cpp(351): warning C4018: '<' : signed/unsigned mismatch
     1>\\banner.main.ad.rit.edu\students\ntg5782\igmprofile\desktop\4-8-15\directx11_starter\mydemogame.cpp(371): warning C4018: '<' : signed/unsigned mismatch
     1>\\banner.main.ad.rit.edu\students\ntg5782\igmprofile\desktop\4-8-15\directx11_starter\mydemogame.cpp(385): warning C4018: '<' : signed/unsigned mismatch
     1>\\banner.main.ad.rit.edu\students\ntg5782\igmprofile\desktop\4-8-15\directx11_starter\mydemogame.cpp(452): warning C4018: '<' : signed/unsigned mismatch
     1>\\banner.main.ad.rit.edu\students\ntg5782\igmprofile\desktop\4-8-15\directx11_starter\mydemogame.cpp(457): warning C4018: '<' : signed/unsigned mismatch
     1>\\banner.main.ad.rit.edu\students\ntg5782\igmprofile\desktop\4-8-15\directx11_starter\mydemogame.cpp(459): warning C4018: '<' : signed/unsigned mismatch
     1>\\banner.main.ad.rit.edu\students\ntg5782\igmprofile\desktop\4-8-15\directx11_starter\mydemogame.cpp(465): warning C4018: '<' : signed/unsigned mismatch
     1>\\banner.main.ad.rit.edu\students\ntg5782\igmprofile\desktop\4-8-15\directx11_starter\mydemogame.cpp(478): warning C4018: '<' : signed/unsigned mismatch
       Link:
         C:\Program Files (x86)\Microsoft Visual Studio 12.0\VC\bin\link.exe /ERRORREPORT:PROMPT /OUT:"\\banner.main.ad.rit.edu\students\ntg5782\IGMProfile\Desktop\4-8-15\Debug\DirectX11_Starter.exe" /INCREMENTAL /NOLOGO "\\banner.main.ad.rit.edu\students\ntg5782\IGMProfile\Desktop\4-8-15\packages\directxtk_desktop_2013.2015.2.25.1\build\native\../../build/native/lib/Win32/Debug/DirectXTKAudioDX.lib" "\\banner.main.ad.rit.edu\students\ntg5782\IGMProfile\Desktop\4-8-15\packages\directxtk_desktop_2013.2015.2.25.1\build\native\../../build/native/lib/Win32/Debug/DirectXTK.lib" d3d11.lib d3dcompiler.lib kernel32.lib user32.lib gdi32.lib winspool.lib comdlg32.lib advapi32.lib shell32.lib ole32.lib oleaut32.lib uuid.lib odbc32.lib odbccp32.lib /MANIFEST /MANIFESTUAC:"level='asInvoker' uiAccess='false'" /manifest:embed /DEBUG /PDB:"\\banner.main.ad.rit.edu\students\ntg5782\IGMProfile\Desktop\4-8-15\Debug\DirectX11_Starter.pdb" /TLBID:1 /DYNAMICBASE /NXCOMPAT /IMPLIB:"\\banner.main.ad.rit.edu\students\ntg5782\IGMProfile\Desktop\4-8-15\Debug\DirectX11_Starter.lib" /MACHINE:X86 Debug\Camera.obj
         Debug\Directional.obj
         Debug\Enemy.obj
         Debug\GameEntity.obj
         Debug\Grid.obj
         Debug\GridTile.obj
         Debug\Light.obj
         Debug\Material.obj
         Debug\Mesh.obj
         Debug\MyDemoGame.obj
         Debug\dxerr.obj
         Debug\DirectXGame.obj
         Debug\GameTimer.obj
         Debug\Player.obj
         Debug\Point.obj
         Debug\Projectile.obj
         Debug\Ship.obj
         Debug\SimpleShader.obj
         DirectX11_Starter.vcxproj -> \\banner.main.ad.rit.edu\students\ntg5782\IGMProfile\Desktop\4-8-15\Debug\DirectX11_Starter.exe
     1>Done Building Project "\\banner.main.ad.rit.edu\students\ntg5782\IGMProfile\Desktop\4-8-15\DirectX11_Starter\DirectX11_Starter.vcxproj" (Build target(s)).

Build succeeded.

Time Elapsed 00:00:09.56
